c:\users\evanh\desktop\kittyengine\x64\release\vc142.pdb
c:\users\evanh\desktop\kittyengine\x64\release\piece_attack_table.obj
c:\users\evanh\desktop\kittyengine\x64\release\move.obj
c:\users\evanh\desktop\kittyengine\x64\release\main.obj
c:\users\evanh\desktop\kittyengine\x64\release\boardstate.obj
c:\users\evanh\desktop\kittyengine\x64\release\board.obj
c:\users\evanh\desktop\kittyengine\x64\release\bitboard.obj
c:\users\evanh\desktop\kittyengine\x64\release\random.obj
c:\users\evanh\desktop\kittyengine\x64\release\magic.obj
c:\users\evanh\desktop\kittyengine\x64\release\fast_stack.obj
c:\users\evanh\desktop\kittyengine\x64\release\kittyengine.iobj
c:\users\evanh\desktop\kittyengine\x64\release\kittyengine.ipdb
c:\users\evanh\desktop\kittyengine\x64\release\kittyengine.exe
c:\users\evanh\desktop\kittyengine\x64\release\kittyengine.pdb
c:\users\evanh\desktop\kittyengine\x64\release\kittyengine.tlog\cl.command.1.tlog
c:\users\evanh\desktop\kittyengine\x64\release\kittyengine.tlog\cl.read.1.tlog
c:\users\evanh\desktop\kittyengine\x64\release\kittyengine.tlog\cl.write.1.tlog
c:\users\evanh\desktop\kittyengine\x64\release\kittyengine.tlog\kittyengine.write.1u.tlog
c:\users\evanh\desktop\kittyengine\x64\release\kittyengine.tlog\link.command.1.tlog
c:\users\evanh\desktop\kittyengine\x64\release\kittyengine.tlog\link.read.1.tlog
c:\users\evanh\desktop\kittyengine\x64\release\kittyengine.tlog\link.write.1.tlog
